<?xml version="1.0" encoding="UTF-8"?>
<testsuite name="com.dev.crud.MainViewTests" tests="1" skipped="0" failures="0" errors="0" timestamp="2022-06-21T19:50:19" hostname="SERJORDAN" time="0.008">
  <properties/>
  <testcase name="gridShownWhenAuthorSelected()" classname="com.dev.crud.MainViewTests" time="0.008"/>
  <system-out><![CDATA[2022-06-21 22:50:19.150  INFO 14668 --- [    Test worker] .b.t.c.SpringBootTestContextBootstrapper : Neither @ContextConfiguration nor @ContextHierarchy found for test class [com.dev.crud.MainViewTests], using SpringBootContextLoader
2022-06-21 22:50:19.150  INFO 14668 --- [    Test worker] o.s.t.c.support.AbstractContextLoader    : Could not detect default resource locations for test class [com.dev.crud.MainViewTests]: no resource found for suffixes {-context.xml, Context.groovy}.
2022-06-21 22:50:19.150  INFO 14668 --- [    Test worker] t.c.s.AnnotationConfigContextLoaderUtils : Could not detect default configuration classes for test class [com.dev.crud.MainViewTests]: MainViewTests does not declare any static, non-private, non-final, nested classes annotated with @Configuration.
2022-06-21 22:50:19.150  INFO 14668 --- [    Test worker] .b.t.c.SpringBootTestContextBootstrapper : Found @SpringBootConfiguration com.dev.crud.CrudApplication for test class com.dev.crud.MainViewTests
2022-06-21 22:50:19.150  INFO 14668 --- [    Test worker] .b.t.c.SpringBootTestContextBootstrapper : Loaded default TestExecutionListener class names from location [META-INF/spring.factories]: [org.springframework.boot.test.autoconfigure.restdocs.RestDocsTestExecutionListener, org.springframework.boot.test.autoconfigure.web.client.MockRestServiceServerResetTestExecutionListener, org.springframework.boot.test.autoconfigure.web.servlet.MockMvcPrintOnlyOnFailureTestExecutionListener, org.springframework.boot.test.autoconfigure.web.servlet.WebDriverTestExecutionListener, org.springframework.boot.test.autoconfigure.webservices.client.MockWebServiceServerTestExecutionListener, org.springframework.boot.test.mock.mockito.MockitoTestExecutionListener, org.springframework.boot.test.mock.mockito.ResetMocksTestExecutionListener, org.springframework.test.context.web.ServletTestExecutionListener, org.springframework.test.context.support.DirtiesContextBeforeModesTestExecutionListener, org.springframework.test.context.event.ApplicationEventsTestExecutionListener, org.springframework.test.context.support.DependencyInjectionTestExecutionListener, org.springframework.test.context.support.DirtiesContextTestExecutionListener, org.springframework.test.context.transaction.TransactionalTestExecutionListener, org.springframework.test.context.jdbc.SqlScriptsTestExecutionListener, org.springframework.test.context.event.EventPublishingTestExecutionListener]
2022-06-21 22:50:19.166  INFO 14668 --- [    Test worker] .b.t.c.SpringBootTestContextBootstrapper : Using TestExecutionListeners: [org.springframework.test.context.web.ServletTestExecutionListener@3a8640f7, org.springframework.test.context.support.DirtiesContextBeforeModesTestExecutionListener@ca10069, org.springframework.test.context.event.ApplicationEventsTestExecutionListener@45e69324, org.springframework.boot.test.mock.mockito.MockitoTestExecutionListener@3c89b864, org.springframework.boot.test.autoconfigure.SpringBootDependencyInjectionTestExecutionListener@3400d6fa, org.springframework.test.context.support.DirtiesContextTestExecutionListener@30a62a5b, org.springframework.test.context.transaction.TransactionalTestExecutionListener@41a8f0d8, org.springframework.test.context.jdbc.SqlScriptsTestExecutionListener@30133a11, org.springframework.test.context.event.EventPublishingTestExecutionListener@2168def, org.springframework.boot.test.autoconfigure.restdocs.RestDocsTestExecutionListener@3639b04, org.springframework.boot.test.autoconfigure.web.client.MockRestServiceServerResetTestExecutionListener@5cb8580, org.springframework.boot.test.autoconfigure.web.servlet.MockMvcPrintOnlyOnFailureTestExecutionListener@2ca1e49a, org.springframework.boot.test.autoconfigure.web.servlet.WebDriverTestExecutionListener@1aee6d14, org.springframework.boot.test.autoconfigure.webservices.client.MockWebServiceServerTestExecutionListener@54a6ef6, org.springframework.boot.test.mock.mockito.ResetMocksTestExecutionListener@5c740c5a]
]]></system-out>
  <system-err><![CDATA[]]></system-err>
</testsuite>
